#!/usr/bin/env tclsh

# Test script for ::tossl::ssl::set_ocsp_stapling command
package require tossl

puts "Testing ::tossl::ssl::set_ocsp_stapling command..."

# Test configuration - use existing certificates
set cert_file "server.pem"
set key_file "server.key"

# Check if certificate files exist
if {![file exists $cert_file] || ![file exists $key_file]} {
    puts "Certificate files not found: $cert_file and $key_file"
    puts "Please ensure server.pem and server.key exist"
    exit 1
}

puts "Using existing certificates: $cert_file and $key_file"

# Test 1: Basic SSL context creation
puts "\n=== Test 1: Basic SSL context creation ==="
set result [catch {
    set ctx [tossl::ssl::context create -cert $cert_file -key $key_file]
    puts "âœ“ SSL context created: $ctx"
    if {[string match "sslctx*" $ctx]} {
        puts "âœ“ Context handle format is correct"
    } else {
        error "Invalid context handle format"
    }
} err]

if {$result == 0} {
    puts "âœ“ Test 1 PASSED"
} else {
    puts "âœ— Test 1 FAILED: $err"
}

# Test 2: Basic OCSP stapling enable
puts "\n=== Test 2: Basic OCSP stapling enable ==="
set result [catch {
    set ctx [tossl::ssl::context create -cert $cert_file -key $key_file]
    set result [tossl::ssl::set_ocsp_stapling -ctx $ctx -enable 1]
    if {$result eq "ok"} {
        puts "âœ“ OCSP stapling enabled successfully"
    } else {
        error "Expected 'ok' but got: $result"
    }
} err]

if {$result == 0} {
    puts "âœ“ Test 2 PASSED"
} else {
    puts "âœ— Test 2 FAILED: $err"
}

# Test 3: Basic OCSP stapling disable
puts "\n=== Test 3: Basic OCSP stapling disable ==="
set result [catch {
    set ctx [tossl::ssl::context create -cert $cert_file -key $key_file]
    set result [tossl::ssl::set_ocsp_stapling -ctx $ctx -enable 0]
    if {$result eq "ok"} {
        puts "âœ“ OCSP stapling disabled successfully"
    } else {
        error "Expected 'ok' but got: $result"
    }
} err]

if {$result == 0} {
    puts "âœ“ Test 3 PASSED"
} else {
    puts "âœ— Test 3 FAILED: $err"
}

# Test 4: Error handling - invalid context
puts "\n=== Test 4: Error handling - invalid context ==="
set result [catch {
    tossl::ssl::set_ocsp_stapling -ctx "nonexistent_ctx" -enable 1
} err]

if {$result == 1 && [string match "*SSL context not found*" $err]} {
    puts "âœ“ Test 4 PASSED: Correctly rejected invalid context"
} else {
    puts "âœ— Test 4 FAILED: Expected 'SSL context not found' error, got: $err"
}

# Test 5: Error handling - missing parameters
puts "\n=== Test 5: Error handling - missing parameters ==="
set result [catch {
    tossl::ssl::set_ocsp_stapling
} err]

if {$result == 1 && [string match "*wrong # args*" $err]} {
    puts "âœ“ Test 5 PASSED: Correctly rejected missing parameters"
} else {
    puts "âœ— Test 5 FAILED: Expected wrong args error, got: $err"
}

# Test 6: Error handling - missing required parameters
puts "\n=== Test 6: Error handling - missing required parameters ==="
set result [catch {
    tossl::ssl::set_ocsp_stapling -ctx "test_ctx"
} err]

if {$result == 1 && [string match "*wrong # args*" $err]} {
    puts "âœ“ Test 6 PASSED: Correctly rejected missing enable parameter"
} else {
    puts "âœ— Test 6 FAILED: Expected wrong args error, got: $err"
}

# Test 7: Parameter validation - empty context name
puts "\n=== Test 7: Parameter validation - empty context name ==="
set result [catch {
    tossl::ssl::set_ocsp_stapling -ctx "" -enable 1
} err]

if {$result == 1 && [string match "*SSL context not found*" $err]} {
    puts "âœ“ Test 7 PASSED: Correctly rejected empty context name"
} else {
    puts "âœ— Test 7 FAILED: Expected SSL context not found error, got: $err"
}

# Test 8: Parameter validation - whitespace in context name
puts "\n=== Test 8: Parameter validation - whitespace in context name ==="
set result [catch {
    tossl::ssl::set_ocsp_stapling -ctx "  test_ctx  " -enable 1
} err]

if {$result == 1 && [string match "*SSL context not found*" $err]} {
    puts "âœ“ Test 8 PASSED: Correctly handled whitespace in context name"
} else {
    puts "âœ— Test 8 FAILED: Expected SSL context not found error, got: $err"
}

# Test 9: Parameter validation - special characters in context name
puts "\n=== Test 9: Parameter validation - special characters in context name ==="
set result [catch {
    tossl::ssl::set_ocsp_stapling -ctx "test_ctx@#$%" -enable 1
} err]

if {$result == 1 && [string match "*SSL context not found*" $err]} {
    puts "âœ“ Test 9 PASSED: Correctly handled special characters in context name"
} else {
    puts "âœ— Test 9 FAILED: Expected SSL context not found error, got: $err"
}

# Test 10: Enable parameter validation - boolean true
puts "\n=== Test 10: Enable parameter validation - boolean true ==="
set result [catch {
    set ctx [tossl::ssl::context create -cert $cert_file -key $key_file]
    set result [tossl::ssl::set_ocsp_stapling -ctx $ctx -enable true]
    if {$result eq "ok"} {
        puts "âœ“ OCSP stapling enabled with 'true' value"
    } else {
        error "Expected 'ok' but got: $result"
    }
} err]

if {$result == 0} {
    puts "âœ“ Test 10 PASSED"
} else {
    puts "âœ— Test 10 FAILED: $err"
}

# Test 11: Enable parameter validation - boolean false
puts "\n=== Test 11: Enable parameter validation - boolean false ==="
set result [catch {
    set ctx [tossl::ssl::context create -cert $cert_file -key $key_file]
    set result [tossl::ssl::set_ocsp_stapling -ctx $ctx -enable false]
    if {$result eq "ok"} {
        puts "âœ“ OCSP stapling disabled with 'false' value"
    } else {
        error "Expected 'ok' but got: $result"
    }
} err]

if {$result == 0} {
    puts "âœ“ Test 11 PASSED"
} else {
    puts "âœ— Test 11 FAILED: $err"
}

# Test 12: Enable parameter validation - string values
puts "\n=== Test 12: Enable parameter validation - string values ==="
set result [catch {
    set ctx [tossl::ssl::context create -cert $cert_file -key $key_file]
    set result [tossl::ssl::set_ocsp_stapling -ctx $ctx -enable "enabled"]
    if {$result eq "ok"} {
        puts "âœ“ OCSP stapling handled non-boolean string value"
    } else {
        error "Expected 'ok' but got: $result"
    }
} err]

if {$result == 0} {
    puts "âœ“ Test 12 PASSED"
} else {
    puts "âœ— Test 12 FAILED: $err"
}

# Test 13: Context handle format validation
puts "\n=== Test 13: Context handle format validation ==="
set result [catch {
    set ctx [tossl::ssl::context create -cert $cert_file -key $key_file]
    if {[string match "sslctx*" $ctx]} {
        puts "âœ“ Context handle format validation successful"
    } else {
        error "Invalid context handle format: $ctx"
    }
} err]

if {$result == 0} {
    puts "âœ“ Test 13 PASSED"
} else {
    puts "âœ— Test 13 FAILED: $err"
}

# Test 14: Resource management - multiple contexts
puts "\n=== Test 14: Resource management - multiple contexts ==="
set result [catch {
    set contexts {}
    for {set i 0} {$i < 3} {incr i} {
        set ctx [tossl::ssl::context create -cert $cert_file -key $key_file]
        lappend contexts $ctx
        puts "âœ“ Created context $i: $ctx"
    }
    
    # Enable OCSP stapling on all contexts
    foreach ctx $contexts {
        set result [tossl::ssl::set_ocsp_stapling -ctx $ctx -enable 1]
        if {$result ne "ok"} {
            error "Failed to enable OCSP stapling on context $ctx"
        }
    }
    puts "âœ“ OCSP stapling enabled on all contexts"
} err]

if {$result == 0} {
    puts "âœ“ Test 14 PASSED"
} else {
    puts "âœ— Test 14 FAILED: $err"
}

# Test 15: Command syntax validation
puts "\n=== Test 15: Command syntax validation ==="
set result [catch {
    # Test with invalid parameter names
    set ctx [tossl::ssl::context create -cert $cert_file -key $key_file]
    tossl::ssl::set_ocsp_stapling -invalid_param "value" -ctx $ctx -enable 1
} err]

if {$result == 1 && [string match "*wrong # args*" $err]} {
    puts "âœ“ Test 15 PASSED: Correctly rejected invalid parameter names"
} else {
    puts "âœ— Test 15 FAILED: Expected wrong args error, got: $err"
}

# Test 16: Integration with SSL context creation
puts "\n=== Test 16: Integration with SSL context creation ==="
set result [catch {
    set ctx [tossl::ssl::context create -cert $cert_file -key $key_file]
    puts "âœ“ SSL context created for integration test: $ctx"
    
    # Enable OCSP stapling
    set result [tossl::ssl::set_ocsp_stapling -ctx $ctx -enable 1]
    if {$result eq "ok"} {
        puts "âœ“ OCSP stapling integration successful"
    } else {
        error "OCSP stapling integration failed"
    }
} err]

if {$result == 0} {
    puts "âœ“ Test 16 PASSED"
} else {
    puts "âœ— Test 16 FAILED: $err"
}

# Test 17: Edge case - very long context name
puts "\n=== Test 17: Edge case - very long context name ==="
set result [catch {
    set long_name [string repeat "a" 1000]
    tossl::ssl::set_ocsp_stapling -ctx $long_name -enable 1
} err]

if {$result == 1 && [string match "*SSL context not found*" $err]} {
    puts "âœ“ Test 17 PASSED: Correctly handled very long context name"
} else {
    puts "âœ— Test 17 FAILED: Expected SSL context not found error, got: $err"
}

# Test 18: Edge case - context name with null bytes
puts "\n=== Test 18: Edge case - context name with null bytes ==="
set result [catch {
    tossl::ssl::set_ocsp_stapling -ctx "test\x00ctx" -enable 1
} err]

if {$result == 1 && [string match "*SSL context not found*" $err]} {
    puts "âœ“ Test 18 PASSED: Correctly handled context name with null bytes"
} else {
    puts "âœ— Test 18 FAILED: Expected SSL context not found error, got: $err"
}

# Test 19: Edge case - context name with unicode characters
puts "\n=== Test 19: Edge case - context name with unicode characters ==="
set result [catch {
    tossl::ssl::set_ocsp_stapling -ctx "test_ctx_ðŸš€_ðŸŒ" -enable 1
} err]

if {$result == 1 && [string match "*SSL context not found*" $err]} {
    puts "âœ“ Test 19 PASSED: Correctly handled context name with unicode characters"
} else {
    puts "âœ— Test 19 FAILED: Expected SSL context not found error, got: $err"
}

# Test 20: Performance validation - multiple rapid calls
puts "\n=== Test 20: Performance validation - multiple rapid calls ==="
set result [catch {
    set ctx [tossl::ssl::context create -cert $cert_file -key $key_file]
    
    # Test multiple rapid calls to ensure no resource leaks
    for {set i 0} {$i < 5} {incr i} {
        set result [tossl::ssl::set_ocsp_stapling -ctx $ctx -enable [expr {$i % 2}]]
        if {$result ne "ok"} {
            error "Unexpected result on iteration $i: $result"
        }
    }
    puts "âœ“ Completed 5 rapid set_ocsp_stapling attempts"
} err]

if {$result == 0} {
    puts "âœ“ Test 20 PASSED"
} else {
    puts "âœ— Test 20 FAILED: $err"
}

# Test 21: Command behavior consistency
puts "\n=== Test 21: Command behavior consistency ==="
set result [catch {
    set ctx [tossl::ssl::context create -cert $cert_file -key $key_file]
    
    # Test that the command behaves consistently across multiple calls
    set results1 {}
    set results2 {}
    
    # First set of calls
    for {set i 0} {$i < 3} {incr i} {
        set result [tossl::ssl::set_ocsp_stapling -ctx $ctx -enable 1]
        lappend results1 $result
    }
    
    # Second set of calls
    for {set i 0} {$i < 3} {incr i} {
        set result [tossl::ssl::set_ocsp_stapling -ctx $ctx -enable 1]
        lappend results2 $result
    }
    
    # Verify consistent results
    if {[llength $results1] == 3 && [llength $results2] == 3} {
        foreach result $results1 {
            if {$result ne "ok"} {
                error "Inconsistent result in first set: $result"
            }
        }
        foreach result $results2 {
            if {$result ne "ok"} {
                error "Inconsistent result in second set: $result"
            }
        }
        puts "âœ“ Command behavior is consistent across multiple calls"
    } else {
        error "Inconsistent behavior detected"
    }
} err]

if {$result == 0} {
    puts "âœ“ Test 21 PASSED"
} else {
    puts "âœ— Test 21 FAILED: $err"
}

# Test 22: Memory management validation
puts "\n=== Test 22: Memory management validation ==="
set result [catch {
    # Test that repeated calls don't cause memory leaks
    for {set i 0} {$i < 10} {incr i} {
        set ctx [tossl::ssl::context create -cert $cert_file -key $key_file]
        set result [tossl::ssl::set_ocsp_stapling -ctx $ctx -enable 1]
        if {$result ne "ok"} {
            error "Memory management test failed on iteration $i"
        }
    }
    puts "âœ“ Completed 10 calls without memory issues"
} err]

if {$result == 0} {
    puts "âœ“ Test 22 PASSED"
} else {
    puts "âœ— Test 22 FAILED: $err"
}

# Test 23: Integration with other SSL commands
puts "\n=== Test 23: Integration with other SSL commands ==="
set result [catch {
    # Test that set_ocsp_stapling can work with contexts created by other commands
    set ctx [tossl::ssl::context create -cert $cert_file -key $key_file]
    
    # Verify the context is valid for other operations
    if {[string match "sslctx*" $ctx]} {
        puts "âœ“ Context created successfully for integration test"
    } else {
        error "Context creation failed for integration test"
    }
    
    # Enable OCSP stapling
    set result [tossl::ssl::set_ocsp_stapling -ctx $ctx -enable 1]
    if {$result eq "ok"} {
        puts "âœ“ OCSP stapling integration successful"
    } else {
        error "OCSP stapling integration failed"
    }
} err]

if {$result == 0} {
    puts "âœ“ Test 23 PASSED"
} else {
    puts "âœ— Test 23 FAILED: $err"
}

# Test 24: Security validation
puts "\n=== Test 24: Security validation ==="
set result [catch {
    # Test that the command doesn't expose sensitive information in error messages
    if {[catch {
        tossl::ssl::set_ocsp_stapling -ctx "test_ctx" -enable 1
    } err]} {
        # Check that error message doesn't contain sensitive information
        if {![string match "*password*" $err] && ![string match "*key*" $err] && ![string match "*cert*" $err]} {
            puts "âœ“ Error message doesn't expose sensitive information"
        } else {
            error "Error message may expose sensitive information"
        }
    }
} err]

if {$result == 0} {
    puts "âœ“ Test 24 PASSED"
} else {
    puts "âœ— Test 24 FAILED: $err"
}

# Test 25: Comprehensive validation
puts "\n=== Test 25: Comprehensive validation ==="
set result [catch {
    # Test all aspects of the command in a comprehensive manner
    set ctx [tossl::ssl::context create -cert $cert_file -key $key_file]
    
    # Verify context creation
    if {![string match "sslctx*" $ctx]} {
        error "Context creation failed"
    }
    
    # Test OCSP stapling enable
    set result [tossl::ssl::set_ocsp_stapling -ctx $ctx -enable 1]
    if {$result ne "ok"} {
        error "OCSP stapling enable failed"
    }
    
    # Test OCSP stapling disable
    set result [tossl::ssl::set_ocsp_stapling -ctx $ctx -enable 0]
    if {$result ne "ok"} {
        error "OCSP stapling disable failed"
    }
    
    # Test error handling
    if {[catch {
        tossl::ssl::set_ocsp_stapling -ctx "nonexistent" -enable 1
    } err]} {
        if {![string match "*SSL context not found*" $err]} {
            error "Unexpected error message: $err"
        }
    } else {
        error "Expected error but got success"
    }
    
    puts "âœ“ Comprehensive validation completed successfully"
} err]

if {$result == 0} {
    puts "âœ“ Test 25 PASSED"
} else {
    puts "âœ— Test 25 FAILED: $err"
}

puts "\n=== SSL Set OCSP Stapling Test Summary ==="
puts "All tests completed for ::tossl::ssl::set_ocsp_stapling command"
puts "âœ“ Basic functionality tested"
puts "âœ“ Error handling validated"
puts "âœ“ Parameter validation verified"
puts "âœ“ Integration with SSL context creation tested"
puts "âœ“ Resource management validated"
puts "âœ“ Edge cases handled"
puts "âœ“ Command syntax validation completed"
puts "âœ“ Performance aspects validated"
puts "âœ“ Security aspects validated"
puts "âœ“ Comprehensive validation completed" 